{
  "RSpec": {
    "coverage": {
      "/Users/jenniferbacon/Documents/Coding/Makers/jobstuff/driftrock/driftrock-tech-test/spec/data_extractor_spec.rb": [
        1,
        null,
        1,
        1,
        null,
        null,
        null,
        null,
        null,
        null,
        null,
        null,
        null
      ],
      "/Users/jenniferbacon/Documents/Coding/Makers/jobstuff/driftrock/driftrock-tech-test/lib/data_extractor.rb": [
        1,
        null,
        1,
        1,
        0,
        null,
        null,
        1,
        0,
        null,
        null,
        1,
        null,
        1,
        0,
        0,
        0,
        0,
        0,
        0,
        0,
        0,
        null,
        0,
        null,
        null
      ],
      "/Users/jenniferbacon/Documents/Coding/Makers/jobstuff/driftrock/driftrock-tech-test/spec/user_stats_calculator_spec.rb": [
        1,
        null,
        1,
        2,
        1,
        null,
        null,
        null,
        null,
        null,
        null,
        null,
        null,
        null,
        null,
        null,
        null,
        null,
        null,
        null,
        null,
        1,
        1,
        null,
        null,
        null
      ],
      "/Users/jenniferbacon/Documents/Coding/Makers/jobstuff/driftrock/driftrock-tech-test/lib/user_stats_calculator.rb": [
        1,
        1,
        1,
        1,
        null,
        null,
        null
      ]
    },
    "timestamp": 1508855669
  }
}
